==13629== Memcheck, a memory error detector
==13629== Copyright (C) 2002-2017, and GNU GPL'd, by Julian Seward et al.
==13629== Using Valgrind-3.13.0 and LibVEX; rerun with -h for copyright info
==13629== Command: ./bin/53shell
==13629== Parent PID: 347
==13629== 
==13694== 
==13694== HEAP SUMMARY:
==13694==     in use at exit: 130,235 bytes in 190 blocks
==13694==   total heap usage: 331 allocs, 141 frees, 156,509 bytes allocated
==13694== 
==13694== LEAK SUMMARY:
==13694==    definitely lost: 0 bytes in 0 blocks
==13694==    indirectly lost: 0 bytes in 0 blocks
==13694==      possibly lost: 0 bytes in 0 blocks
==13694==    still reachable: 0 bytes in 0 blocks
==13694==         suppressed: 130,235 bytes in 190 blocks
==13694== 
==13694== For counts of detected and suppressed errors, rerun with: -v
==13694== ERROR SUMMARY: 0 errors from 0 contexts (suppressed: 0 from 0)
==13629== 
==13629== Process terminating with default action of signal 2 (SIGINT)
==13629==    at 0x50C62A7: kill (syscall-template.S:78)
==13629==    by 0x4E67D3A: ??? (in /lib/x86_64-linux-gnu/libreadline.so.7.0)
==13629==    by 0x4E6A096: rl_getc (in /lib/x86_64-linux-gnu/libreadline.so.7.0)
==13629==    by 0x4E6A86D: rl_read_key (in /lib/x86_64-linux-gnu/libreadline.so.7.0)
==13629==    by 0x4E52744: readline_internal_char (in /lib/x86_64-linux-gnu/libreadline.so.7.0)
==13629==    by 0x4E52F24: readline (in /lib/x86_64-linux-gnu/libreadline.so.7.0)
==13629==    by 0x10BDD5: main (in /root/ics53/hw3/bin/53shell)
==13629== 
==13629== HEAP SUMMARY:
==13629==     in use at exit: 130,587 bytes in 194 blocks
==13629==   total heap usage: 336 allocs, 142 frees, 156,552 bytes allocated
==13629== 
==13629== LEAK SUMMARY:
==13629==    definitely lost: 0 bytes in 0 blocks
==13629==    indirectly lost: 0 bytes in 0 blocks
==13629==      possibly lost: 0 bytes in 0 blocks
==13629==    still reachable: 352 bytes in 4 blocks
==13629==         suppressed: 130,235 bytes in 190 blocks
==13629== Reachable blocks (those to which a pointer was found) are not shown.
==13629== To see them, rerun with: --leak-check=full --show-leak-kinds=all
==13629== 
==13629== For counts of detected and suppressed errors, rerun with: -v
==13629== ERROR SUMMARY: 0 errors from 0 contexts (suppressed: 0 from 0)
